[INFO] Scanning for projects...
[INFO] 
[INFO] ----------------------< com.rtrom:rtrom-backend >-----------------------
[INFO] Building rtrom-backend 0.0.1-SNAPSHOT
[INFO]   from pom.xml
[INFO] --------------------------------[ jar ]---------------------------------
[INFO] 
[INFO] >>> spring-boot:3.3.4:run (default-cli) > test-compile @ rtrom-backend >>>
[INFO] 
[INFO] --- resources:3.3.1:resources (default-resources) @ rtrom-backend ---
[INFO] Copying 1 resource from src\main\resources to target\classes
[INFO] Copying 0 resource from src\main\resources to target\classes
[INFO] 
[INFO] --- compiler:3.13.0:compile (default-compile) @ rtrom-backend ---
[INFO] Nothing to compile - all classes are up to date.
[INFO] 
[INFO] --- resources:3.3.1:testResources (default-testResources) @ rtrom-backend ---
[INFO] Copying 1 resource from src\test\resources to target\test-classes
[INFO] 
[INFO] --- compiler:3.13.0:testCompile (default-testCompile) @ rtrom-backend ---
[INFO] Nothing to compile - all classes are up to date.
[INFO] 
[INFO] <<< spring-boot:3.3.4:run (default-cli) < test-compile @ rtrom-backend <<<
[INFO] 
[INFO] 
[INFO] --- spring-boot:3.3.4:run (default-cli) @ rtrom-backend ---
[INFO] Attaching agents: []

  .   ____          _            __ _ _
 /\\ / ___'_ __ _ _(_)_ __  __ _ \ \ \ \
( ( )\___ | '_ | '_| | '_ \/ _` | \ \ \ \
 \\/  ___)| |_)| | | | | || (_| |  ) ) ) )
  '  |____| .__|_| |_|_| |_\__, | / / / /
 =========|_|==============|___/=/_/_/_/

 :: Spring Boot ::                (v3.3.4)

2026-04-23T13:14:02.382+05:30  INFO 22916 --- [rtrom-backend] [           main] c.rtrom.backend.RtromBackendApplication  : Starting RtromBackendApplication using Java 25 with PID 22916 (C:\Users\pcmc\Desktop\Restaurent-Table Management\RTROM\backend\target\classes started by pcmc in C:\Users\pcmc\Desktop\Restaurent-Table Management\RTROM\backend)
2026-04-23T13:14:02.385+05:30  INFO 22916 --- [rtrom-backend] [           main] c.rtrom.backend.RtromBackendApplication  : No active profile set, falling back to 1 default profile: "default"
2026-04-23T13:14:04.100+05:30  INFO 22916 --- [rtrom-backend] [           main] .s.d.r.c.RepositoryConfigurationDelegate : Bootstrapping Spring Data JPA repositories in DEFAULT mode.
2026-04-23T13:14:04.219+05:30  INFO 22916 --- [rtrom-backend] [           main] .s.d.r.c.RepositoryConfigurationDelegate : Finished Spring Data repository scanning in 106 ms. Found 11 JPA repository interfaces.
WARNING: A restricted method in java.lang.System has been called
WARNING: java.lang.System::load has been called by org.apache.tomcat.jni.Library in an unnamed module (file:/C:/Users/pcmc/.m2/repository/org/apache/tomcat/embed/tomcat-embed-core/10.1.30/tomcat-embed-core-10.1.30.jar)
WARNING: Use --enable-native-access=ALL-UNNAMED to avoid a warning for callers in this module
WARNING: Restricted methods will be blocked in a future release unless native access is enabled

2026-04-23T13:14:04.957+05:30  INFO 22916 --- [rtrom-backend] [           main] o.s.b.w.embedded.tomcat.TomcatWebServer  : Tomcat initialized with port 8081 (http)
2026-04-23T13:14:04.978+05:30  INFO 22916 --- [rtrom-backend] [           main] o.apache.catalina.core.StandardService   : Starting service [Tomcat]
2026-04-23T13:14:04.978+05:30  INFO 22916 --- [rtrom-backend] [           main] o.apache.catalina.core.StandardEngine    : Starting Servlet engine: [Apache Tomcat/10.1.30]
2026-04-23T13:14:05.038+05:30  INFO 22916 --- [rtrom-backend] [           main] o.a.c.c.C.[Tomcat].[localhost].[/]       : Initializing Spring embedded WebApplicationContext
2026-04-23T13:14:05.040+05:30  INFO 22916 --- [rtrom-backend] [           main] w.s.c.ServletWebServerApplicationContext : Root WebApplicationContext: initialization completed in 2583 ms
2026-04-23T13:14:05.204+05:30  INFO 22916 --- [rtrom-backend] [           main] o.hibernate.jpa.internal.util.LogHelper  : HHH000204: Processing PersistenceUnitInfo [name: default]
2026-04-23T13:14:05.261+05:30  INFO 22916 --- [rtrom-backend] [           main] org.hibernate.Version                    : HHH000412: Hibernate ORM core version 6.5.3.Final
2026-04-23T13:14:05.296+05:30  INFO 22916 --- [rtrom-backend] [           main] o.h.c.internal.RegionFactoryInitiator    : HHH000026: Second-level cache disabled
2026-04-23T13:14:05.796+05:30  INFO 22916 --- [rtrom-backend] [           main] o.s.o.j.p.SpringPersistenceUnitInfo      : No LoadTimeWeaver setup: ignoring JPA class transformer
2026-04-23T13:14:05.865+05:30  INFO 22916 --- [rtrom-backend] [           main] com.zaxxer.hikari.HikariDataSource       : HikariPool-1 - Starting...
2026-04-23T13:14:08.826+05:30  INFO 22916 --- [rtrom-backend] [           main] com.zaxxer.hikari.pool.HikariPool        : HikariPool-1 - Added connection org.postgresql.jdbc.PgConnection@794cb26b
2026-04-23T13:14:08.828+05:30  INFO 22916 --- [rtrom-backend] [           main] com.zaxxer.hikari.HikariDataSource       : HikariPool-1 - Start completed.
2026-04-23T13:14:12.260+05:30  INFO 22916 --- [rtrom-backend] [           main] o.h.e.t.j.p.i.JtaPlatformInitiator       : HHH000489: No JTA platform available (set 'hibernate.transaction.jta.platform' to enable JTA platform integration)
Hibernate: 
    alter table if exists customer_profiles 
       alter column avatar_url set data type TEXT
Hibernate: 
    alter table if exists customer_profiles 
       alter column saved_special_requests set data type TEXT
Hibernate: 
    alter table if exists menu_items 
       alter column image_url set data type TEXT
2026-04-23T13:14:29.199+05:30  INFO 22916 --- [rtrom-backend] [           main] j.LocalContainerEntityManagerFactoryBean : Initialized JPA EntityManagerFactory for persistence unit 'default'
2026-04-23T13:14:29.615+05:30  INFO 22916 --- [rtrom-backend] [           main] o.s.d.j.r.query.QueryEnhancerFactory     : Hibernate is in classpath; If applicable, HQL parser will be used.
2026-04-23T13:14:30.166+05:30  INFO 22916 --- [rtrom-backend] [           main] eAuthenticationProviderManagerConfigurer : Global AuthenticationManager configured with AuthenticationProvider bean with name authenticationProvider
2026-04-23T13:14:30.168+05:30  WARN 22916 --- [rtrom-backend] [           main] r$InitializeUserDetailsManagerConfigurer : Global AuthenticationManager configured with an AuthenticationProvider bean. UserDetailsService beans will not be used for username/password login. Consider removing the AuthenticationProvider bean. Alternatively, consider using the UserDetailsService in a manually instantiated DaoAuthenticationProvider.
2026-04-23T13:14:30.708+05:30  WARN 22916 --- [rtrom-backend] [           main] JpaBaseConfiguration$JpaWebConfiguration : spring.jpa.open-in-view is enabled by default. Therefore, database queries may be performed during view rendering. Explicitly configure spring.jpa.open-in-view to disable this warning
2026-04-23T13:14:31.493+05:30  WARN 22916 --- [rtrom-backend] [           main] ConfigServletWebServerApplicationContext : Exception encountered during context initialization - cancelling refresh attempt: org.springframework.context.ApplicationContextException: Failed to start bean 'webServerStartStop'
2026-04-23T13:14:31.504+05:30  INFO 22916 --- [rtrom-backend] [           main] j.LocalContainerEntityManagerFactoryBean : Closing JPA EntityManagerFactory for persistence unit 'default'
2026-04-23T13:14:31.508+05:30  INFO 22916 --- [rtrom-backend] [           main] com.zaxxer.hikari.HikariDataSource       : HikariPool-1 - Shutdown initiated...
2026-04-23T13:14:33.106+05:30  INFO 22916 --- [rtrom-backend] [           main] com.zaxxer.hikari.HikariDataSource       : HikariPool-1 - Shutdown completed.
2026-04-23T13:14:33.126+05:30  INFO 22916 --- [rtrom-backend] [           main] .s.b.a.l.ConditionEvaluationReportLogger : 

Error starting ApplicationContext. To display the condition evaluation report re-run your application with 'debug' enabled.
2026-04-23T13:14:33.142+05:30 ERROR 22916 --- [rtrom-backend] [           main] o.s.b.d.LoggingFailureAnalysisReporter   : 

***************************
APPLICATION FAILED TO START
***************************

Description:

Web server failed to start. Port 8081 was already in use.

Action:

Identify and stop the process that's listening on port 8081 or configure this application to listen on another port.

[INFO] ------------------------------------------------------------------------
[INFO] BUILD FAILURE
[INFO] ------------------------------------------------------------------------
[INFO] Total time:  35.499 s
[INFO] Finished at: 2026-04-23T13:14:33+05:30
[INFO] ------------------------------------------------------------------------
[ERROR] Failed to execute goal org.springframework.boot:spring-boot-maven-plugin:3.3.4:run (default-cli) on project rtrom-backend: Process terminated with exit code: 1 -> [Help 1]
[ERROR] 
[ERROR] To see the full stack trace of the errors, re-run Maven with the -e switch.
[ERROR] Re-run Maven using the -X switch to enable full debug logging.
[ERROR] 
[ERROR] For more information about the errors and possible solutions, please read the following articles:
[ERROR] [Help 1] http://cwiki.apache.org/confluence/display/MAVEN/MojoExecutionException
